  test.cpp
C:\Users\abdel\Desktop\DS\univeProject\test.h(26,10): error C3646: 'dbRetrieve': unknown override specifier
C:\Users\abdel\Desktop\DS\univeProject\test.h(26,20): error C2059: syntax error: '('
C:\Users\abdel\Desktop\DS\univeProject\test.h(26,34): error C2238: unexpected token(s) preceding ';'
C:\Users\abdel\Desktop\DS\univeProject\test.cpp(59,14): error C2039: 'dbRetrieve': is not a member of 'test'
C:\Users\abdel\Desktop\DS\univeProject\test.h(13): message : see declaration of 'test'
C:\Users\abdel\Desktop\DS\univeProject\test.cpp(63,11): error C2065: 'con': undeclared identifier
  update.cpp
C:\Users\abdel\Desktop\DS\univeProject\test.h(26,10): error C3646: 'dbRetrieve': unknown override specifier
C:\Users\abdel\Desktop\DS\univeProject\test.h(26,20): error C2059: syntax error: '('
C:\Users\abdel\Desktop\DS\univeProject\test.h(26,34): error C2238: unexpected token(s) preceding ';'
  Generating Code...
